Case #1: 50.000000 66.666667
Case #2: 50.000000 100.000000
Case #3: 50.000000 50.000000 50.000000 50.000000
Case #4: 54.000000 46.000000 56.000000
Case #5: 50.000000 54.729730
Case #6: 66.666667 33.333333
Case #7: 50.000000 55.345912
Case #8: 53.092784 46.907216 50.902062 51.546392 52.577320 53.737113 53.092784
Case #9: 50.000000 50.000000
Case #10: 62.886598 37.113402
Case #11: 100.000000 100.000000 100.000000 0.000000 100.000000 100.000000
Case #12: 51.020408 53.061224 54.591837 50.408163 50.918367 49.591837
Case #13: 100.000000 100.000000 100.000000 100.000000 100.000000 100.000000 0.000000
Case #14: 50.000000 51.417004 50.404858 51.821862 50.000000 52.226721
Case #15: 55.650320 55.330490 55.970149 56.076759 55.650320 55.543710 55.863539 44.669510 55.863539
Case #16: 50.000000 50.000000 50.000000 50.000000 50.000000 50.000000
Case #17: 100.000000 0.000000
Case #18: 50.000000 50.000000 50.000000 50.000000 50.000000 50.000000 50.000000 50.000000 50.000000 50.000000
Case #19: 50.000000 81.395349
Case #20: 50.393701 49.606299 74.803150 74.409449 74.409449
